Release 14.7 - xst P.20131013 (nt64)
Copyright (c) 1995-2013 Xilinx, Inc.  All rights reserved.
--> Parameter TMPDIR set to xst/projnav.tmp


Total REAL time to Xst completion: 0.00 secs
Total CPU time to Xst completion: 0.09 secs
 
--> Parameter xsthdpdir set to xst


Total REAL time to Xst completion: 0.00 secs
Total CPU time to Xst completion: 0.09 secs
 
--> Reading design: to7seg.prj

TABLE OF CONTENTS
  1) Synthesis Options Summary
  2) HDL Parsing
  3) HDL Elaboration
  4) HDL Synthesis
       4.1) HDL Synthesis Report
  5) Advanced HDL Synthesis
       5.1) Advanced HDL Synthesis Report
  6) Low Level Synthesis
  7) Partition Report
  8) Design Summary
       8.1) Primitive and Black Box Usage
       8.2) Device utilization summary
       8.3) Partition Resource Summary
       8.4) Timing Report
            8.4.1) Clock Information
            8.4.2) Asynchronous Control Signals Information
            8.4.3) Timing Summary
            8.4.4) Timing Details
            8.4.5) Cross Clock Domains Report


=========================================================================
*                      Synthesis Options Summary                        *
=========================================================================
---- Source Parameters
Input File Name                    : "to7seg.prj"
Ignore Synthesis Constraint File   : NO

---- Target Parameters
Output File Name                   : "to7seg"
Output Format                      : NGC
Target Device                      : xc7a100t-1-csg324

---- Source Options
Top Module Name                    : to7seg
Automatic FSM Extraction           : YES
FSM Encoding Algorithm             : Auto
Safe Implementation                : No
FSM Style                          : LUT
RAM Extraction                     : Yes
RAM Style                          : Auto
ROM Extraction                     : Yes
Shift Register Extraction          : YES
ROM Style                          : Auto
Resource Sharing                   : YES
Asynchronous To Synchronous        : NO
Shift Register Minimum Size        : 2
Use DSP Block                      : Auto
Automatic Register Balancing       : No

---- Target Options
LUT Combining                      : Auto
Reduce Control Sets                : Auto
Add IO Buffers                     : YES
Global Maximum Fanout              : 100000
Add Generic Clock Buffer(BUFG)     : 32
Register Duplication               : YES
Optimize Instantiated Primitives   : NO
Use Clock Enable                   : Auto
Use Synchronous Set                : Auto
Use Synchronous Reset              : Auto
Pack IO Registers into IOBs        : Auto
Equivalent register Removal        : YES

---- General Options
Optimization Goal                  : Speed
Optimization Effort                : 1
Power Reduction                    : NO
Keep Hierarchy                     : No
Netlist Hierarchy                  : As_Optimized
RTL Output                         : Yes
Global Optimization                : AllClockNets
Read Cores                         : YES
Write Timing Constraints           : NO
Cross Clock Analysis               : NO
Hierarchy Separator                : /
Bus Delimiter                      : <>
Case Specifier                     : Maintain
Slice Utilization Ratio            : 100
BRAM Utilization Ratio             : 100
DSP48 Utilization Ratio            : 100
Auto BRAM Packing                  : NO
Slice Utilization Ratio Delta      : 5

=========================================================================


=========================================================================
*                          HDL Parsing                                  *
=========================================================================
Parsing VHDL file "C:\Users\wangx\OneDrive\GitHub\LongLiveFPGA\FinalProject\to7seg_single.vhd" into library work
Parsing entity <to7seg_single>.
Parsing architecture <Behavioral> of entity <to7seg_single>.
Parsing VHDL file "C:\Users\wangx\OneDrive\GitHub\LongLiveFPGA\FinalProject\to7seg.vhd" into library work
Parsing entity <to7seg>.
Parsing architecture <Behavioral> of entity <to7seg>.

=========================================================================
*                            HDL Elaboration                            *
=========================================================================

Elaborating entity <to7seg> (architecture <Behavioral>) from library <work>.

Elaborating entity <to7seg_single> (architecture <Behavioral>) from library <work>.
INFO:HDLCompiler:679 - "C:\Users\wangx\OneDrive\GitHub\LongLiveFPGA\FinalProject\to7seg_single.vhd" Line 60. Case statement is complete. others clause is never selected

=========================================================================
*                           HDL Synthesis                               *
=========================================================================

Synthesizing Unit <to7seg>.
    Related source file is "C:\Users\wangx\OneDrive\GitHub\LongLiveFPGA\FinalProject\to7seg.vhd".
    Found 13-bit register for signal <cnt>.
    Found 13-bit adder for signal <cnt[12]_GND_5_o_add_0_OUT> created at line 60.
    Found 8x8-bit Read Only RAM for signal <sec>
    Found 7-bit 8-to-1 multiplexer for signal <num> created at line 74.
    Summary:
	inferred   1 RAM(s).
	inferred   1 Adder/Subtractor(s).
	inferred  13 D-type flip-flop(s).
	inferred   1 Multiplexer(s).
Unit <to7seg> synthesized.

Synthesizing Unit <to7seg_single>.
    Related source file is "C:\Users\wangx\OneDrive\GitHub\LongLiveFPGA\FinalProject\to7seg_single.vhd".
    Found 16x7-bit Read Only RAM for signal <q>
    Summary:
	inferred   1 RAM(s).
Unit <to7seg_single> synthesized.

=========================================================================
HDL Synthesis Report

Macro Statistics
# RAMs                                                 : 9
 16x7-bit single-port Read Only RAM                    : 8
 8x8-bit single-port Read Only RAM                     : 1
# Adders/Subtractors                                   : 1
 13-bit adder                                          : 1
# Registers                                            : 1
 13-bit register                                       : 1
# Multiplexers                                         : 1
 7-bit 8-to-1 multiplexer                              : 1

=========================================================================

=========================================================================
*                       Advanced HDL Synthesis                          *
=========================================================================


Synthesizing (advanced) Unit <to7seg>.
The following registers are absorbed into counter <cnt>: 1 register on signal <cnt>.
INFO:Xst:3218 - HDL ADVISOR - The RAM <Mram_sec> will be implemented on LUTs either because you have described an asynchronous read or because of currently unsupported block RAM features. If you have described an asynchronous read, making it synchronous would allow you to take advantage of available block RAM resources, for optimized device usage and improved timings. Please refer to your documentation for coding guidelines.
    -----------------------------------------------------------------------
    | ram_type           | Distributed                         |          |
    -----------------------------------------------------------------------
    | Port A                                                              |
    |     aspect ratio   | 8-word x 8-bit                      |          |
    |     weA            | connected to signal <GND>           | high     |
    |     addrA          | connected to signal <cnt>           |          |
    |     diA            | connected to signal <GND>           |          |
    |     doA            | connected to signal <sec>           |          |
    -----------------------------------------------------------------------
Unit <to7seg> synthesized (advanced).

Synthesizing (advanced) Unit <to7seg_single>.
INFO:Xst:3218 - HDL ADVISOR - The RAM <Mram_q> will be implemented on LUTs either because you have described an asynchronous read or because of currently unsupported block RAM features. If you have described an asynchronous read, making it synchronous would allow you to take advantage of available block RAM resources, for optimized device usage and improved timings. Please refer to your documentation for coding guidelines.
    -----------------------------------------------------------------------
    | ram_type           | Distributed                         |          |
    -----------------------------------------------------------------------
    | Port A                                                              |
    |     aspect ratio   | 16-word x 7-bit                     |          |
    |     weA            | connected to signal <GND>           | high     |
    |     addrA          | connected to signal <d_in>          |          |
    |     diA            | connected to signal <GND>           |          |
    |     doA            | connected to signal <q>             |          |
    -----------------------------------------------------------------------
Unit <to7seg_single> synthesized (advanced).

=========================================================================
Advanced HDL Synthesis Report

Macro Statistics
# RAMs                                                 : 9
 16x7-bit single-port distributed Read Only RAM        : 8
 8x8-bit single-port distributed Read Only RAM         : 1
# Counters                                             : 1
 13-bit up counter                                     : 1
# Multiplexers                                         : 1
 7-bit 8-to-1 multiplexer                              : 1

=========================================================================

=========================================================================
*                         Low Level Synthesis                           *
=========================================================================

Optimizing unit <to7seg> ...

Mapping all equations...
Building and optimizing final netlist ...
Found area constraint ratio of 100 (+ 5) on block to7seg, actual ratio is 0.

Final Macro Processing ...

=========================================================================
Final Register Report

Macro Statistics
# Registers                                            : 13
 Flip-Flops                                            : 13

=========================================================================

=========================================================================
*                           Partition Report                            *
=========================================================================

Partition Implementation Status
-------------------------------

  No Partitions were found in this design.

-------------------------------

=========================================================================
*                            Design Summary                             *
=========================================================================

Top Level Output File Name         : to7seg.ngc

Primitive and Black Box Usage:
------------------------------
# BELS                             : 125
#      GND                         : 1
#      INV                         : 1
#      LUT1                        : 12
#      LUT3                        : 8
#      LUT4                        : 56
#      LUT6                        : 14
#      MUXCY                       : 12
#      MUXF7                       : 7
#      VCC                         : 1
#      XORCY                       : 13
# FlipFlops/Latches                : 13
#      FD                          : 13
# Clock Buffers                    : 1
#      BUFGP                       : 1
# IO Buffers                       : 47
#      IBUF                        : 32
#      OBUF                        : 15

Device utilization summary:
---------------------------

Selected Device : 7a100tcsg324-1 


Slice Logic Utilization: 
 Number of Slice Registers:              13  out of  126800     0%  
 Number of Slice LUTs:                   91  out of  63400     0%  
    Number used as Logic:                91  out of  63400     0%  

Slice Logic Distribution: 
 Number of LUT Flip Flop pairs used:     91
   Number with an unused Flip Flop:      78  out of     91    85%  
   Number with an unused LUT:             0  out of     91     0%  
   Number of fully used LUT-FF pairs:    13  out of     91    14%  
   Number of unique control sets:         1

IO Utilization: 
 Number of IOs:                          48
 Number of bonded IOBs:                  48  out of    210    22%  

Specific Feature Utilization:
 Number of BUFG/BUFGCTRLs:                1  out of     32     3%  

---------------------------
Partition Resource Summary:
---------------------------

  No Partitions were found in this design.

---------------------------


=========================================================================
Timing Report

NOTE: THESE TIMING NUMBERS ARE ONLY A SYNTHESIS ESTIMATE.
      FOR ACCURATE TIMING INFORMATION PLEASE REFER TO THE TRACE REPORT
      GENERATED AFTER PLACE-and-ROUTE.

Clock Information:
------------------
-----------------------------------+------------------------+-------+
Clock Signal                       | Clock buffer(FF name)  | Load  |
-----------------------------------+------------------------+-------+
clk                                | BUFGP                  | 13    |
-----------------------------------+------------------------+-------+

Asynchronous Control Signals Information:
----------------------------------------
No asynchronous control signals found in this design

Timing Summary:
---------------
Speed Grade: -1

   Minimum period: 2.357ns (Maximum Frequency: 424.313MHz)
   Minimum input arrival time before clock: No path found
   Maximum output required time after clock: 2.448ns
   Maximum combinational path delay: 2.608ns

Timing Details:
---------------
All values displayed in nanoseconds (ns)

=========================================================================
Timing constraint: Default period analysis for Clock 'clk'
  Clock period: 2.357ns (frequency: 424.313MHz)
  Total number of paths / destination ports: 91 / 13
-------------------------------------------------------------------------
Delay:               2.357ns (Levels of Logic = 14)
  Source:            cnt_0 (FF)
  Destination:       cnt_12 (FF)
  Source Clock:      clk rising
  Destination Clock: clk rising

  Data Path: cnt_0 to cnt_12
                                Gate     Net
    Cell:in->out      fanout   Delay   Delay  Logical Name (Net Name)
    ----------------------------------------  ------------
     FD:C->Q               1   0.478   0.399  cnt_0 (cnt_0)
     INV:I->O              1   0.146   0.000  Mcount_cnt_lut<0>_INV_0 (Mcount_cnt_lut<0>)
     MUXCY:S->O            1   0.472   0.000  Mcount_cnt_cy<0> (Mcount_cnt_cy<0>)
     MUXCY:CI->O           1   0.029   0.000  Mcount_cnt_cy<1> (Mcount_cnt_cy<1>)
     MUXCY:CI->O           1   0.029   0.000  Mcount_cnt_cy<2> (Mcount_cnt_cy<2>)
     MUXCY:CI->O           1   0.029   0.000  Mcount_cnt_cy<3> (Mcount_cnt_cy<3>)
     MUXCY:CI->O           1   0.029   0.000  Mcount_cnt_cy<4> (Mcount_cnt_cy<4>)
     MUXCY:CI->O           1   0.029   0.000  Mcount_cnt_cy<5> (Mcount_cnt_cy<5>)
     MUXCY:CI->O           1   0.029   0.000  Mcount_cnt_cy<6> (Mcount_cnt_cy<6>)
     MUXCY:CI->O           1   0.029   0.000  Mcount_cnt_cy<7> (Mcount_cnt_cy<7>)
     MUXCY:CI->O           1   0.029   0.000  Mcount_cnt_cy<8> (Mcount_cnt_cy<8>)
     MUXCY:CI->O           1   0.029   0.000  Mcount_cnt_cy<9> (Mcount_cnt_cy<9>)
     MUXCY:CI->O           1   0.029   0.000  Mcount_cnt_cy<10> (Mcount_cnt_cy<10>)
     MUXCY:CI->O           0   0.029   0.000  Mcount_cnt_cy<11> (Mcount_cnt_cy<11>)
     XORCY:CI->O           1   0.510   0.000  Mcount_cnt_xor<12> (Result<12>)
     FD:D                      0.030          cnt_12
    ----------------------------------------
    Total                      2.357ns (1.958ns logic, 0.399ns route)
                                       (83.1% logic, 16.9% route)

=========================================================================
Timing constraint: Default OFFSET OUT AFTER for Clock 'clk'
  Total number of paths / destination ports: 59 / 15
-------------------------------------------------------------------------
Offset:              2.448ns (Levels of Logic = 3)
  Source:            cnt_11 (FF)
  Destination:       num<6> (PAD)
  Source Clock:      clk rising

  Data Path: cnt_11 to num<6>
                                Gate     Net
    Cell:in->out      fanout   Delay   Delay  Logical Name (Net Name)
    ----------------------------------------  ------------
     FD:C->Q              23   0.478   1.079  cnt_11 (cnt_11)
     LUT6:I0->O            1   0.124   0.000  Mmux_num_3 (Mmux_num_3)
     MUXF7:I1->O           1   0.368   0.399  Mmux_num_2_f7 (num_0_OBUF)
     OBUF:I->O                 0.000          num_0_OBUF (num<0>)
    ----------------------------------------
    Total                      2.448ns (0.970ns logic, 1.478ns route)
                                       (39.6% logic, 60.4% route)

=========================================================================
Timing constraint: Default path analysis
  Total number of paths / destination ports: 224 / 7
-------------------------------------------------------------------------
Delay:               2.608ns (Levels of Logic = 5)
  Source:            d6<1> (PAD)
  Destination:       num<6> (PAD)

  Data Path: d6<1> to num<6>
                                Gate     Net
    Cell:in->out      fanout   Delay   Delay  Logical Name (Net Name)
    ----------------------------------------  ------------
     IBUF:I->O             7   0.001   0.816  d6_1_IBUF (d6_1_IBUF)
     LUT4:I0->O            1   0.124   0.776  led6/Mram_q12 (led6/Mram_q)
     LUT6:I2->O            1   0.124   0.000  Mmux_num_3 (Mmux_num_3)
     MUXF7:I1->O           1   0.368   0.399  Mmux_num_2_f7 (num_0_OBUF)
     OBUF:I->O                 0.000          num_0_OBUF (num<0>)
    ----------------------------------------
    Total                      2.608ns (0.617ns logic, 1.991ns route)
                                       (23.7% logic, 76.3% route)

=========================================================================

Cross Clock Domains Report:
--------------------------

Clock to Setup on destination clock clk
---------------+---------+---------+---------+---------+
               | Src:Rise| Src:Fall| Src:Rise| Src:Fall|
Source Clock   |Dest:Rise|Dest:Rise|Dest:Fall|Dest:Fall|
---------------+---------+---------+---------+---------+
clk            |    2.357|         |         |         |
---------------+---------+---------+---------+---------+

=========================================================================


Total REAL time to Xst completion: 9.00 secs
Total CPU time to Xst completion: 9.83 secs
 
--> 

Total memory usage is 412752 kilobytes

Number of errors   :    0 (   0 filtered)
Number of warnings :    0 (   0 filtered)
Number of infos    :    2 (   0 filtered)

